<?xml version="1.0" encoding="UTF-8"?>
<!-- Generated by org.testng.reporters.JUnitXMLReporter -->
<testsuite ignored="0" hostname="arpitab" failures="1" tests="2" name="Test(failed)" time="9.751" errors="0" timestamp="2025-09-16T18:23:41 CEST">
  <testcase classname="testCases.TC_001_AccountRegistrationTest" name="verify_account_registration" time="2.252">
    <failure type="java.lang.AssertionError" message="Test failed: ">
      <![CDATA[java.lang.AssertionError: Test failed: 
at testCases.TC_001_AccountRegistrationTest.verify_account_registration(TC_001_AccountRegistrationTest.java:53)
at java.base/java.util.ArrayList.forEach(ArrayList.java:1596)
... Removed 26 stack frames]]>
    </failure>
  </testcase> <!-- verify_account_registration -->
  <testcase classname="testCases.TC_002_LoginTest" name="verify_login" time="1.48"/>
</testsuite> <!-- Test(failed) -->
